2024-06-14 09:09:48,342 INFO Main The Factory successfully created with settings: accessorySupplyTime = 1000 ms, bodySupplyTime = 1000, engineSupplyTime = 1000, dealerSaleTime = 1000
2024-06-14 09:09:48,872 INFO Model.Factory.Factory Accessory Supplier #1 successfully executed
2024-06-14 09:09:48,872 INFO Model.Factory.Factory Accessory Supplier #2 successfully executed
2024-06-14 09:09:48,872 INFO Model.Factory.Factory Accessory Supplier #3 successfully executed
2024-06-14 09:09:48,872 INFO Model.Factory.Factory Accessory Supplier #4 successfully executed
2024-06-14 09:09:48,872 INFO Model.Factory.Factory Accessory Supplier #5 successfully executed
2024-06-14 09:09:48,873 INFO Model.Factory.Factory Body Supplier successfully executed
2024-06-14 09:09:48,873 INFO Model.Factory.Factory Engine Supplier successfully executed
2024-06-14 09:09:48,873 INFO Model.Factory.Factory Dealer #1 successfully executed
2024-06-14 09:09:48,873 INFO Model.Factory.Factory Dealer #2 successfully executed
2024-06-14 09:09:48,873 INFO Model.Factory.Factory Dealer #3 successfully executed
2024-06-14 09:09:48,873 INFO Model.Factory.Factory Dealer #4 successfully executed
2024-06-14 09:09:48,873 INFO Model.Factory.Factory Dealer #5 successfully executed
2024-06-14 09:09:48,874 INFO Model.Factory.Factory Factory Controller successfully executed
2024-06-14 09:09:49,874 INFO Model.Factory.Suppliers.AccessoriesSupplier Produced new accessory. ID = 6
2024-06-14 09:09:49,874 INFO Model.Factory.Suppliers.AccessoriesSupplier Produced new accessory. ID = 8
2024-06-14 09:09:49,874 INFO Model.Factory.Suppliers.AccessoriesSupplier Produced new accessory. ID = 7
2024-06-14 09:09:49,874 INFO Model.Factory.Suppliers.AccessoriesSupplier Produced new accessory. ID = 9
2024-06-14 09:09:49,878 INFO Model.Factory.Storages.AccessoryStorage New Accessory put into Accessory Storage. ID = 6
2024-06-14 09:09:49,879 INFO Model.Factory.Storages.AccessoryStorage New Accessory put into Accessory Storage. ID = 9
2024-06-14 09:09:49,879 INFO Model.Factory.Storages.AccessoryStorage New Accessory put into Accessory Storage. ID = 7
2024-06-14 09:09:49,879 INFO Model.Factory.Storages.AccessoryStorage New Accessory put into Accessory Storage. ID = 8
2024-06-14 09:09:49,888 INFO Model.Factory.Suppliers.AccessoriesSupplier Produced new accessory. ID = 10
2024-06-14 09:09:49,888 INFO Model.Factory.Storages.AccessoryStorage New Accessory put into Accessory Storage. ID = 10
2024-06-14 09:09:49,888 INFO Model.Factory.Suppliers.EnginesSupplier Produced new engine. ID = 12
2024-06-14 09:09:49,888 INFO Model.Factory.Suppliers.BodiesSupplier Produced new car body. ID = 11
2024-06-14 09:09:49,889 INFO Model.Factory.Storages.EngineStorage New Engine put into Engine Storage. ID = 12
2024-06-14 09:09:49,889 INFO Model.Factory.Storages.BodyStorage New Car Body put into Body Storage. ID = 11
2024-06-14 09:09:50,880 INFO Model.Factory.Suppliers.AccessoriesSupplier Produced new accessory. ID = 14
2024-06-14 09:09:50,880 INFO Model.Factory.Suppliers.AccessoriesSupplier Produced new accessory. ID = 13
2024-06-14 09:09:50,880 INFO Model.Factory.Suppliers.AccessoriesSupplier Produced new accessory. ID = 15
2024-06-14 09:09:50,880 INFO Model.Factory.Storages.AccessoryStorage New Accessory put into Accessory Storage. ID = 14
2024-06-14 09:09:50,880 INFO Model.Factory.Storages.AccessoryStorage New Accessory put into Accessory Storage. ID = 15
2024-06-14 09:09:50,880 INFO Model.Factory.Storages.AccessoryStorage New Accessory put into Accessory Storage. ID = 13
2024-06-14 09:09:50,881 INFO Model.Factory.Suppliers.AccessoriesSupplier Produced new accessory. ID = 16
2024-06-14 09:09:50,881 INFO Model.Factory.Storages.AccessoryStorage New Accessory put into Accessory Storage. ID = 16
2024-06-14 09:09:50,890 INFO Model.Factory.Suppliers.EnginesSupplier Produced new engine. ID = 17
2024-06-14 09:09:50,890 INFO Model.Factory.Suppliers.BodiesSupplier Produced new car body. ID = 18
2024-06-14 09:09:50,890 INFO Model.Factory.Storages.EngineStorage New Engine put into Engine Storage. ID = 17
2024-06-14 09:09:50,890 INFO Model.Factory.Storages.BodyStorage New Car Body put into Body Storage. ID = 18
2024-06-14 09:09:50,891 INFO Model.Factory.Suppliers.AccessoriesSupplier Produced new accessory. ID = 19
2024-06-14 09:09:50,891 INFO Model.Factory.Storages.AccessoryStorage New Accessory put into Accessory Storage. ID = 19
2024-06-14 09:09:51,391 INFO Model.Factory.Workers.Order Accessory received from Accessory Storage. ID = 6
2024-06-14 09:09:51,391 INFO Model.Factory.Workers.Order Car Body received from Body Storage. ID = 11
2024-06-14 09:09:51,392 INFO Model.Factory.Workers.Order Engine received from Engine Storage. ID = 12
2024-06-14 09:09:51,393 INFO Model.Factory.Storages.CarStorage New Car put into Car Storage. ID = 20
2024-06-14 09:09:51,394 INFO Model.Factory.Dealers.Dealer Dealer #3 ordered new Car (ID = 20) [Accessory ID = 6, Body ID = 11, Engine ID = 12]
2024-06-14 09:09:51,400 INFO Model.Factory.Workers.Order Accessory received from Accessory Storage. ID = 15
2024-06-14 09:09:51,400 INFO Model.Factory.Workers.Order Accessory received from Accessory Storage. ID = 16
2024-06-14 09:09:51,400 INFO Model.Factory.Workers.Order Accessory received from Accessory Storage. ID = 13
2024-06-14 09:09:51,400 INFO Model.Factory.Workers.Order Accessory received from Accessory Storage. ID = 14
2024-06-14 09:09:51,400 INFO Model.Factory.Workers.Order Accessory received from Accessory Storage. ID = 19
2024-06-14 09:09:51,400 INFO Model.Factory.Workers.Order Accessory received from Accessory Storage. ID = 8
2024-06-14 09:09:51,400 INFO Model.Factory.Workers.Order Accessory received from Accessory Storage. ID = 9
2024-06-14 09:09:51,400 INFO Model.Factory.Workers.Order Accessory received from Accessory Storage. ID = 10
2024-06-14 09:09:51,400 INFO Model.Factory.Workers.Order Car Body received from Body Storage. ID = 18
2024-06-14 09:09:51,400 INFO Model.Factory.Workers.Order Accessory received from Accessory Storage. ID = 7
2024-06-14 09:09:51,400 INFO Model.Factory.Workers.Order Engine received from Engine Storage. ID = 17
2024-06-14 09:09:51,400 INFO Model.Factory.Storages.CarStorage New Car put into Car Storage. ID = 21
2024-06-14 09:09:51,400 INFO Model.Factory.Dealers.Dealer Dealer #1 ordered new Car (ID = 21) [Accessory ID = 15, Body ID = 18, Engine ID = 17]
2024-06-14 09:09:51,881 INFO Model.Factory.Suppliers.AccessoriesSupplier Produced new accessory. ID = 23
2024-06-14 09:09:51,881 INFO Model.Factory.Suppliers.AccessoriesSupplier Produced new accessory. ID = 22
2024-06-14 09:09:51,881 INFO Model.Factory.Suppliers.AccessoriesSupplier Produced new accessory. ID = 24
2024-06-14 09:09:51,881 INFO Model.Factory.Storages.AccessoryStorage New Accessory put into Accessory Storage. ID = 23
2024-06-14 09:09:51,882 INFO Model.Factory.Storages.AccessoryStorage New Accessory put into Accessory Storage. ID = 24
2024-06-14 09:09:51,882 INFO Model.Factory.Storages.AccessoryStorage New Accessory put into Accessory Storage. ID = 22
2024-06-14 09:09:51,890 INFO Model.Factory.Suppliers.AccessoriesSupplier Produced new accessory. ID = 25
2024-06-14 09:09:51,890 INFO Model.Factory.Storages.AccessoryStorage New Accessory put into Accessory Storage. ID = 25
2024-06-14 09:09:51,891 INFO Model.Factory.Suppliers.BodiesSupplier Produced new car body. ID = 26
2024-06-14 09:09:51,891 INFO Model.Factory.Suppliers.EnginesSupplier Produced new engine. ID = 27
2024-06-14 09:09:51,891 INFO Model.Factory.Storages.BodyStorage New Car Body put into Body Storage. ID = 26
2024-06-14 09:09:51,891 INFO Model.Factory.Storages.EngineStorage New Engine put into Engine Storage. ID = 27
2024-06-14 09:09:51,891 INFO Model.Factory.Workers.Order Car Body received from Body Storage. ID = 26
2024-06-14 09:09:51,891 INFO Model.Factory.Workers.Order Engine received from Engine Storage. ID = 27
2024-06-14 09:09:51,891 INFO Model.Factory.Storages.CarStorage New Car put into Car Storage. ID = 28
2024-06-14 09:09:51,891 INFO Model.Factory.Dealers.Dealer Dealer #2 ordered new Car (ID = 28) [Accessory ID = 8, Body ID = 26, Engine ID = 27]
2024-06-14 09:09:51,905 INFO Model.Factory.Suppliers.AccessoriesSupplier Produced new accessory. ID = 29
2024-06-14 09:09:51,905 INFO Model.Factory.Storages.AccessoryStorage New Accessory put into Accessory Storage. ID = 29
2024-06-14 09:09:52,882 INFO Model.Factory.Suppliers.AccessoriesSupplier Produced new accessory. ID = 30
2024-06-14 09:09:52,882 INFO Model.Factory.Storages.AccessoryStorage New Accessory put into Accessory Storage. ID = 30
2024-06-14 09:09:52,889 INFO Model.Factory.Suppliers.AccessoriesSupplier Produced new accessory. ID = 31
2024-06-14 09:09:52,889 INFO Model.Factory.Suppliers.AccessoriesSupplier Produced new accessory. ID = 32
2024-06-14 09:09:52,889 INFO Model.Factory.Storages.AccessoryStorage New Accessory put into Accessory Storage. ID = 31
2024-06-14 09:09:52,889 INFO Model.Factory.Storages.AccessoryStorage New Accessory put into Accessory Storage. ID = 32
2024-06-14 09:09:52,905 INFO Model.Factory.Suppliers.BodiesSupplier Produced new car body. ID = 35
2024-06-14 09:09:52,905 INFO Model.Factory.Suppliers.AccessoriesSupplier Produced new accessory. ID = 33
2024-06-14 09:09:52,905 INFO Model.Factory.Suppliers.EnginesSupplier Produced new engine. ID = 34
2024-06-14 09:09:52,905 INFO Model.Factory.Storages.BodyStorage New Car Body put into Body Storage. ID = 35
2024-06-14 09:09:52,905 INFO Model.Factory.Storages.EngineStorage New Engine put into Engine Storage. ID = 34
2024-06-14 09:09:52,905 INFO Model.Factory.Storages.AccessoryStorage New Accessory put into Accessory Storage. ID = 33
2024-06-14 09:09:52,905 INFO Model.Factory.Workers.Order Car Body received from Body Storage. ID = 35
2024-06-14 09:09:52,905 INFO Model.Factory.Workers.Order Engine received from Engine Storage. ID = 34
2024-06-14 09:09:52,905 INFO Model.Factory.Storages.CarStorage New Car put into Car Storage. ID = 36
2024-06-14 09:09:52,906 INFO Model.Factory.Dealers.Dealer Dealer #5 ordered new Car (ID = 36) [Accessory ID = 14, Body ID = 35, Engine ID = 34]
2024-06-14 09:09:52,920 INFO Model.Factory.Suppliers.AccessoriesSupplier Produced new accessory. ID = 37
2024-06-14 09:09:52,920 INFO Model.Factory.Storages.AccessoryStorage New Accessory put into Accessory Storage. ID = 37
2024-06-14 09:09:53,885 INFO Model.Factory.Suppliers.AccessoriesSupplier Produced new accessory. ID = 38
2024-06-14 09:09:53,885 INFO Model.Factory.Storages.AccessoryStorage New Accessory put into Accessory Storage. ID = 38
2024-06-14 09:09:53,900 INFO Model.Factory.Suppliers.AccessoriesSupplier Produced new accessory. ID = 39
2024-06-14 09:09:53,900 INFO Model.Factory.Suppliers.AccessoriesSupplier Produced new accessory. ID = 40
2024-06-14 09:09:53,900 INFO Model.Factory.Storages.AccessoryStorage New Accessory put into Accessory Storage. ID = 39
2024-06-14 09:09:53,900 INFO Model.Factory.Storages.AccessoryStorage New Accessory put into Accessory Storage. ID = 40
2024-06-14 09:09:53,906 INFO Model.Factory.Suppliers.EnginesSupplier Produced new engine. ID = 41
2024-06-14 09:09:53,906 INFO Model.Factory.Suppliers.AccessoriesSupplier Produced new accessory. ID = 42
2024-06-14 09:09:53,906 INFO Model.Factory.Storages.EngineStorage New Engine put into Engine Storage. ID = 41
2024-06-14 09:09:53,906 INFO Model.Factory.Storages.AccessoryStorage New Accessory put into Accessory Storage. ID = 42
2024-06-14 09:09:53,916 INFO Model.Factory.Workers.Order Accessory received from Accessory Storage. ID = 23
2024-06-14 09:09:53,916 INFO Model.Factory.Suppliers.BodiesSupplier Produced new car body. ID = 43
2024-06-14 09:09:53,916 INFO Model.Factory.Workers.Order Accessory received from Accessory Storage. ID = 22
2024-06-14 09:09:53,916 INFO Model.Factory.Workers.Order Accessory received from Accessory Storage. ID = 24
2024-06-14 09:09:53,916 INFO Model.Factory.Storages.BodyStorage New Car Body put into Body Storage. ID = 43
2024-06-14 09:09:53,916 INFO Model.Factory.Workers.Order Car Body received from Body Storage. ID = 43
2024-06-14 09:09:53,916 INFO Model.Factory.Workers.Order Engine received from Engine Storage. ID = 41
2024-06-14 09:09:53,916 INFO Model.Factory.Storages.CarStorage New Car put into Car Storage. ID = 44
2024-06-14 09:09:53,916 INFO Model.Factory.Dealers.Dealer Dealer #4 ordered new Car (ID = 44) [Accessory ID = 13, Body ID = 43, Engine ID = 41]
2024-06-14 09:09:53,932 INFO Model.Factory.Suppliers.AccessoriesSupplier Produced new accessory. ID = 45
2024-06-14 09:09:53,932 INFO Model.Factory.Storages.AccessoryStorage New Accessory put into Accessory Storage. ID = 45
2024-06-14 09:09:54,415 INFO Model.Factory.Workers.Order Accessory received from Accessory Storage. ID = 25
2024-06-14 09:09:54,897 INFO Model.Factory.Suppliers.AccessoriesSupplier Produced new accessory. ID = 46
2024-06-14 09:09:54,897 INFO Model.Factory.Storages.AccessoryStorage New Accessory put into Accessory Storage. ID = 46
2024-06-14 09:09:54,912 INFO Model.Factory.Suppliers.EnginesSupplier Produced new engine. ID = 49
2024-06-14 09:09:54,912 INFO Model.Factory.Suppliers.AccessoriesSupplier Produced new accessory. ID = 50
2024-06-14 09:09:54,912 INFO Model.Factory.Suppliers.AccessoriesSupplier Produced new accessory. ID = 47
2024-06-14 09:09:54,912 INFO Model.Factory.Storages.EngineStorage New Engine put into Engine Storage. ID = 49
2024-06-14 09:09:54,912 INFO Model.Factory.Suppliers.AccessoriesSupplier Produced new accessory. ID = 48
2024-06-14 09:09:54,912 INFO Model.Factory.Storages.AccessoryStorage New Accessory put into Accessory Storage. ID = 50
2024-06-14 09:09:54,912 INFO Model.Factory.Storages.AccessoryStorage New Accessory put into Accessory Storage. ID = 48
2024-06-14 09:09:54,912 INFO Model.Factory.Storages.AccessoryStorage New Accessory put into Accessory Storage. ID = 47
2024-06-14 09:09:54,927 INFO Model.Factory.Suppliers.BodiesSupplier Produced new car body. ID = 51
2024-06-14 09:09:54,927 INFO Model.Factory.Storages.BodyStorage New Car Body put into Body Storage. ID = 51
2024-06-14 09:09:54,927 INFO Model.Factory.Workers.Order Car Body received from Body Storage. ID = 51
2024-06-14 09:09:54,928 INFO Model.Factory.Workers.Order Engine received from Engine Storage. ID = 49
2024-06-14 09:09:54,928 INFO Model.Factory.Storages.CarStorage New Car put into Car Storage. ID = 52
2024-06-14 09:09:54,928 INFO Model.Factory.Dealers.Dealer Dealer #3 ordered new Car (ID = 52) [Accessory ID = 16, Body ID = 51, Engine ID = 49]
2024-06-14 09:09:54,942 INFO Model.Factory.Suppliers.AccessoriesSupplier Produced new accessory. ID = 53
2024-06-14 09:09:54,943 INFO Model.Factory.Storages.AccessoryStorage New Accessory put into Accessory Storage. ID = 53
2024-06-14 09:09:55,424 INFO Model.Factory.Workers.Order Accessory received from Accessory Storage. ID = 29
2024-06-14 09:09:55,908 INFO Model.Factory.Suppliers.AccessoriesSupplier Produced new accessory. ID = 54
2024-06-14 09:09:55,908 INFO Model.Factory.Storages.AccessoryStorage New Accessory put into Accessory Storage. ID = 54
2024-06-14 09:09:55,913 INFO Model.Factory.Suppliers.EnginesSupplier Produced new engine. ID = 56
2024-06-14 09:09:55,913 INFO Model.Factory.Suppliers.AccessoriesSupplier Produced new accessory. ID = 55
2024-06-14 09:09:55,913 INFO Model.Factory.Storages.EngineStorage New Engine put into Engine Storage. ID = 56
2024-06-14 09:09:55,913 INFO Model.Factory.Storages.AccessoryStorage New Accessory put into Accessory Storage. ID = 55
2024-06-14 09:09:55,924 INFO Model.Factory.Suppliers.AccessoriesSupplier Produced new accessory. ID = 57
2024-06-14 09:09:55,924 INFO Model.Factory.Suppliers.AccessoriesSupplier Produced new accessory. ID = 58
2024-06-14 09:09:55,924 INFO Model.Factory.Storages.AccessoryStorage New Accessory put into Accessory Storage. ID = 57
2024-06-14 09:09:55,924 INFO Model.Factory.Storages.AccessoryStorage New Accessory put into Accessory Storage. ID = 58
2024-06-14 09:09:55,930 INFO Model.Factory.Suppliers.BodiesSupplier Produced new car body. ID = 59
2024-06-14 09:09:55,930 INFO Model.Factory.Storages.BodyStorage New Car Body put into Body Storage. ID = 59
2024-06-14 09:09:55,930 INFO Model.Factory.Workers.Order Car Body received from Body Storage. ID = 59
2024-06-14 09:09:55,930 INFO Model.Factory.Workers.Order Engine received from Engine Storage. ID = 56
2024-06-14 09:09:55,930 INFO Model.Factory.Storages.CarStorage New Car put into Car Storage. ID = 60
2024-06-14 09:09:55,930 INFO Model.Factory.Dealers.Dealer Dealer #5 ordered new Car (ID = 60) [Accessory ID = 9, Body ID = 59, Engine ID = 56]
2024-06-14 09:09:55,955 INFO Model.Factory.Suppliers.AccessoriesSupplier Produced new accessory. ID = 61
2024-06-14 09:09:55,955 INFO Model.Factory.Storages.AccessoryStorage New Accessory put into Accessory Storage. ID = 61
2024-06-14 09:09:56,438 INFO Model.Factory.Workers.Order Accessory received from Accessory Storage. ID = 30
2024-06-14 09:09:56,920 INFO Model.Factory.Suppliers.EnginesSupplier Produced new engine. ID = 62
2024-06-14 09:09:56,920 INFO Model.Factory.Suppliers.AccessoriesSupplier Produced new accessory. ID = 63
2024-06-14 09:09:56,920 INFO Model.Factory.Suppliers.AccessoriesSupplier Produced new accessory. ID = 64
2024-06-14 09:09:56,920 INFO Model.Factory.Storages.EngineStorage New Engine put into Engine Storage. ID = 62
2024-06-14 09:09:56,920 INFO Model.Factory.Storages.AccessoryStorage New Accessory put into Accessory Storage. ID = 63
2024-06-14 09:09:56,935 INFO Model.Factory.Suppliers.AccessoriesSupplier Produced new accessory. ID = 66
2024-06-14 09:09:56,935 INFO Model.Factory.Suppliers.AccessoriesSupplier Produced new accessory. ID = 67
2024-06-14 09:09:56,935 INFO Model.Factory.Suppliers.BodiesSupplier Produced new car body. ID = 65
2024-06-14 09:09:56,935 INFO Model.Factory.Storages.BodyStorage New Car Body put into Body Storage. ID = 65
2024-06-14 09:09:56,935 INFO Model.Factory.Workers.Order Car Body received from Body Storage. ID = 65
2024-06-14 09:09:56,935 INFO Model.Factory.Workers.Order Engine received from Engine Storage. ID = 62
2024-06-14 09:09:56,935 INFO Model.Factory.Storages.CarStorage New Car put into Car Storage. ID = 68
2024-06-14 09:09:56,935 INFO Model.Factory.Dealers.Dealer Dealer #2 ordered new Car (ID = 68) [Accessory ID = 22, Body ID = 65, Engine ID = 62]
2024-06-14 09:09:56,966 INFO Model.Factory.Suppliers.AccessoriesSupplier Produced new accessory. ID = 69
2024-06-14 09:09:57,440 INFO Model.Factory.Workers.Order Accessory received from Accessory Storage. ID = 31
2024-06-14 09:09:57,440 INFO Model.Factory.Storages.AccessoryStorage New Accessory put into Accessory Storage. ID = 64
2024-06-14 09:09:57,921 INFO Model.Factory.Suppliers.EnginesSupplier Produced new engine. ID = 70
2024-06-14 09:09:57,921 INFO Model.Factory.Storages.EngineStorage New Engine put into Engine Storage. ID = 70
2024-06-14 09:09:57,924 INFO Model.Factory.Suppliers.AccessoriesSupplier Produced new accessory. ID = 71
2024-06-14 09:09:57,939 INFO Model.Factory.Suppliers.BodiesSupplier Produced new car body. ID = 72
2024-06-14 09:09:57,939 INFO Model.Factory.Storages.BodyStorage New Car Body put into Body Storage. ID = 72
2024-06-14 09:09:57,939 INFO Model.Factory.Workers.Order Car Body received from Body Storage. ID = 72
2024-06-14 09:09:57,940 INFO Model.Factory.Workers.Order Engine received from Engine Storage. ID = 70
2024-06-14 09:09:57,940 INFO Model.Factory.Storages.CarStorage New Car put into Car Storage. ID = 73
2024-06-14 09:09:57,940 INFO Model.Factory.Dealers.Dealer Dealer #1 ordered new Car (ID = 73) [Accessory ID = 10, Body ID = 72, Engine ID = 70]
2024-06-14 09:09:58,436 INFO Model.Factory.Workers.Order Accessory received from Accessory Storage. ID = 32
2024-06-14 09:09:58,436 INFO Model.Factory.Storages.AccessoryStorage New Accessory put into Accessory Storage. ID = 67
2024-06-14 09:09:58,450 INFO Model.Factory.Suppliers.AccessoriesSupplier Produced new accessory. ID = 74
2024-06-14 09:09:58,934 INFO Model.Factory.Suppliers.EnginesSupplier Produced new engine. ID = 75
2024-06-14 09:09:58,934 INFO Model.Factory.Storages.EngineStorage New Engine put into Engine Storage. ID = 75
2024-06-14 09:09:58,949 INFO Model.Factory.Suppliers.BodiesSupplier Produced new car body. ID = 76
2024-06-14 09:09:58,949 INFO Model.Factory.Storages.BodyStorage New Car Body put into Body Storage. ID = 76
2024-06-14 09:09:58,949 INFO Model.Factory.Workers.Order Car Body received from Body Storage. ID = 76
2024-06-14 09:09:58,950 INFO Model.Factory.Workers.Order Engine received from Engine Storage. ID = 75
2024-06-14 09:09:58,950 INFO Model.Factory.Storages.CarStorage New Car put into Car Storage. ID = 77
2024-06-14 09:09:58,950 INFO Model.Factory.Dealers.Dealer Dealer #4 ordered new Car (ID = 77) [Accessory ID = 7, Body ID = 76, Engine ID = 75]
2024-06-14 09:09:59,449 INFO Model.Factory.Suppliers.AccessoriesSupplier Produced new accessory. ID = 78
2024-06-14 09:09:59,449 INFO Model.Factory.Workers.Order Accessory received from Accessory Storage. ID = 33
2024-06-14 09:09:59,449 INFO Model.Factory.Storages.AccessoryStorage New Accessory put into Accessory Storage. ID = 66
2024-06-14 09:09:59,936 INFO Model.Factory.Suppliers.EnginesSupplier Produced new engine. ID = 79
2024-06-14 09:09:59,936 INFO Model.Factory.Storages.EngineStorage New Engine put into Engine Storage. ID = 79
2024-06-14 09:09:59,951 INFO Model.Factory.Suppliers.BodiesSupplier Produced new car body. ID = 80
2024-06-14 09:09:59,951 INFO Model.Factory.Storages.BodyStorage New Car Body put into Body Storage. ID = 80
2024-06-14 09:09:59,951 INFO Model.Factory.Workers.Order Car Body received from Body Storage. ID = 80
2024-06-14 09:09:59,951 INFO Model.Factory.Workers.Order Engine received from Engine Storage. ID = 79
2024-06-14 09:09:59,951 INFO Model.Factory.Storages.CarStorage New Car put into Car Storage. ID = 81
2024-06-14 09:09:59,951 INFO Model.Factory.Dealers.Dealer Dealer #3 ordered new Car (ID = 81) [Accessory ID = 23, Body ID = 80, Engine ID = 79]
2024-06-14 09:10:00,451 INFO Model.Factory.Suppliers.AccessoriesSupplier Produced new accessory. ID = 82
2024-06-14 09:10:00,466 INFO Model.Factory.Workers.Order Accessory received from Accessory Storage. ID = 37
2024-06-14 09:10:00,466 INFO Model.Factory.Storages.AccessoryStorage New Accessory put into Accessory Storage. ID = 69
2024-06-14 09:10:00,950 INFO Model.Factory.Suppliers.EnginesSupplier Produced new engine. ID = 83
2024-06-14 09:10:00,950 INFO Model.Factory.Storages.EngineStorage New Engine put into Engine Storage. ID = 83
2024-06-14 09:10:00,966 INFO Model.Factory.Suppliers.BodiesSupplier Produced new car body. ID = 84
2024-06-14 09:10:00,966 INFO Model.Factory.Storages.BodyStorage New Car Body put into Body Storage. ID = 84
2024-06-14 09:10:00,966 INFO Model.Factory.Workers.Order Car Body received from Body Storage. ID = 84
2024-06-14 09:10:00,967 INFO Model.Factory.Workers.Order Engine received from Engine Storage. ID = 83
2024-06-14 09:10:00,967 INFO Model.Factory.Storages.CarStorage New Car put into Car Storage. ID = 85
2024-06-14 09:10:00,967 INFO Model.Factory.Dealers.Dealer Dealer #5 ordered new Car (ID = 85) [Accessory ID = 24, Body ID = 84, Engine ID = 83]
2024-06-14 09:10:01,465 INFO Model.Factory.Workers.Order Accessory received from Accessory Storage. ID = 38
2024-06-14 09:10:01,465 INFO Model.Factory.Storages.AccessoryStorage New Accessory put into Accessory Storage. ID = 71
2024-06-14 09:10:01,480 INFO Model.Factory.Suppliers.AccessoriesSupplier Produced new accessory. ID = 86
2024-06-14 09:10:01,962 INFO Model.Factory.Suppliers.EnginesSupplier Produced new engine. ID = 87
2024-06-14 09:10:01,962 INFO Model.Factory.Storages.EngineStorage New Engine put into Engine Storage. ID = 87
2024-06-14 09:10:01,978 INFO Model.Factory.Suppliers.BodiesSupplier Produced new car body. ID = 88
2024-06-14 09:10:01,978 INFO Model.Factory.Storages.BodyStorage New Car Body put into Body Storage. ID = 88
2024-06-14 09:10:01,978 INFO Model.Factory.Workers.Order Car Body received from Body Storage. ID = 88
2024-06-14 09:10:01,978 INFO Model.Factory.Workers.Order Engine received from Engine Storage. ID = 87
2024-06-14 09:10:01,978 INFO Model.Factory.Storages.CarStorage New Car put into Car Storage. ID = 89
2024-06-14 09:10:01,978 INFO Model.Factory.Dealers.Dealer Dealer #2 ordered new Car (ID = 89) [Accessory ID = 19, Body ID = 88, Engine ID = 87]
2024-06-14 09:10:02,473 INFO Model.Factory.Workers.Order Accessory received from Accessory Storage. ID = 39
2024-06-14 09:10:02,473 INFO Model.Factory.Suppliers.AccessoriesSupplier Produced new accessory. ID = 90
2024-06-14 09:10:02,473 INFO Model.Factory.Storages.AccessoryStorage New Accessory put into Accessory Storage. ID = 82
2024-06-14 09:10:02,969 INFO Model.Factory.Suppliers.EnginesSupplier Produced new engine. ID = 91
2024-06-14 09:10:02,969 INFO Model.Factory.Storages.EngineStorage New Engine put into Engine Storage. ID = 91
2024-06-14 09:10:02,985 INFO Model.Factory.Suppliers.BodiesSupplier Produced new car body. ID = 92
2024-06-14 09:10:02,985 INFO Model.Factory.Storages.BodyStorage New Car Body put into Body Storage. ID = 92
2024-06-14 09:10:02,985 INFO Model.Factory.Workers.Order Car Body received from Body Storage. ID = 92
2024-06-14 09:10:02,985 INFO Model.Factory.Workers.Order Engine received from Engine Storage. ID = 91
2024-06-14 09:10:02,985 INFO Model.Factory.Storages.CarStorage New Car put into Car Storage. ID = 93
2024-06-14 09:10:02,986 INFO Model.Factory.Dealers.Dealer Dealer #1 ordered new Car (ID = 93) [Accessory ID = 25, Body ID = 92, Engine ID = 91]
2024-06-14 09:10:03,482 INFO Model.Factory.Workers.Order Accessory received from Accessory Storage. ID = 40
2024-06-14 09:10:03,482 INFO Model.Factory.Suppliers.AccessoriesSupplier Produced new accessory. ID = 94
2024-06-14 09:10:03,482 INFO Model.Factory.Storages.AccessoryStorage New Accessory put into Accessory Storage. ID = 78
2024-06-14 09:10:03,981 INFO Model.Factory.Suppliers.EnginesSupplier Produced new engine. ID = 95
2024-06-14 09:10:03,981 INFO Model.Factory.Storages.EngineStorage New Engine put into Engine Storage. ID = 95
2024-06-14 09:10:03,997 INFO Model.Factory.Suppliers.BodiesSupplier Produced new car body. ID = 96
2024-06-14 09:10:03,997 INFO Model.Factory.Storages.BodyStorage New Car Body put into Body Storage. ID = 96
2024-06-14 09:10:03,998 INFO Model.Factory.Workers.Order Car Body received from Body Storage. ID = 96
2024-06-14 09:10:03,998 INFO Model.Factory.Workers.Order Engine received from Engine Storage. ID = 95
2024-06-14 09:10:03,998 INFO Model.Factory.Storages.CarStorage New Car put into Car Storage. ID = 97
2024-06-14 09:10:03,998 INFO Model.Factory.Dealers.Dealer Dealer #4 ordered new Car (ID = 97) [Accessory ID = 29, Body ID = 96, Engine ID = 95]
2024-06-14 09:10:04,485 INFO Model.Factory.Suppliers.AccessoriesSupplier Produced new accessory. ID = 98
2024-06-14 09:10:04,486 INFO Model.Factory.Workers.Order Accessory received from Accessory Storage. ID = 42
2024-06-14 09:10:04,486 INFO Model.Factory.Storages.AccessoryStorage New Accessory put into Accessory Storage. ID = 74
2024-06-14 09:10:04,996 INFO Model.Factory.Suppliers.EnginesSupplier Produced new engine. ID = 99
2024-06-14 09:10:04,996 INFO Model.Factory.Storages.EngineStorage New Engine put into Engine Storage. ID = 99
2024-06-14 09:10:05,011 INFO Model.Factory.Suppliers.BodiesSupplier Produced new car body. ID = 100
2024-06-14 09:10:05,011 INFO Model.Factory.Storages.BodyStorage New Car Body put into Body Storage. ID = 100
2024-06-14 09:10:05,011 INFO Model.Factory.Workers.Order Car Body received from Body Storage. ID = 100
2024-06-14 09:10:05,011 INFO Model.Factory.Workers.Order Engine received from Engine Storage. ID = 99
2024-06-14 09:10:05,012 INFO Model.Factory.Storages.CarStorage New Car put into Car Storage. ID = 101
2024-06-14 09:10:05,012 INFO Model.Factory.Dealers.Dealer Dealer #3 ordered new Car (ID = 101) [Accessory ID = 30, Body ID = 100, Engine ID = 99]
2024-06-14 09:10:05,496 INFO Model.Factory.Suppliers.AccessoriesSupplier Produced new accessory. ID = 102
2024-06-14 09:10:05,511 INFO Model.Factory.Workers.Order Accessory received from Accessory Storage. ID = 45
2024-06-14 09:10:05,511 INFO Model.Factory.Storages.AccessoryStorage New Accessory put into Accessory Storage. ID = 86
2024-06-14 09:10:06,010 INFO Model.Factory.Suppliers.EnginesSupplier Produced new engine. ID = 103
2024-06-14 09:10:06,010 INFO Model.Factory.Storages.EngineStorage New Engine put into Engine Storage. ID = 103
2024-06-14 09:10:06,025 INFO Model.Factory.Suppliers.BodiesSupplier Produced new car body. ID = 104
2024-06-14 09:10:06,025 INFO Model.Factory.Storages.BodyStorage New Car Body put into Body Storage. ID = 104
2024-06-14 09:10:06,025 INFO Model.Factory.Workers.Order Car Body received from Body Storage. ID = 104
2024-06-14 09:10:06,025 INFO Model.Factory.Workers.Order Engine received from Engine Storage. ID = 103
2024-06-14 09:10:06,025 INFO Model.Factory.Storages.CarStorage New Car put into Car Storage. ID = 105
2024-06-14 09:10:06,025 INFO Model.Factory.Dealers.Dealer Dealer #5 ordered new Car (ID = 105) [Accessory ID = 31, Body ID = 104, Engine ID = 103]
2024-06-14 09:10:06,525 INFO Model.Factory.Suppliers.AccessoriesSupplier Produced new accessory. ID = 106
2024-06-14 09:10:06,525 INFO Model.Factory.Workers.Order Accessory received from Accessory Storage. ID = 46
2024-06-14 09:10:06,525 INFO Model.Factory.Storages.AccessoryStorage New Accessory put into Accessory Storage. ID = 98
2024-06-14 09:10:07,011 INFO Model.Factory.Suppliers.EnginesSupplier Produced new engine. ID = 107
2024-06-14 09:10:07,011 INFO Model.Factory.Storages.EngineStorage New Engine put into Engine Storage. ID = 107
2024-06-14 09:10:07,026 INFO Model.Factory.Suppliers.BodiesSupplier Produced new car body. ID = 108
2024-06-14 09:10:07,026 INFO Model.Factory.Storages.BodyStorage New Car Body put into Body Storage. ID = 108
2024-06-14 09:10:07,026 INFO Model.Factory.Workers.Order Car Body received from Body Storage. ID = 108
2024-06-14 09:10:07,026 INFO Model.Factory.Workers.Order Engine received from Engine Storage. ID = 107
2024-06-14 09:10:07,026 INFO Model.Factory.Storages.CarStorage New Car put into Car Storage. ID = 109
2024-06-14 09:10:07,026 INFO Model.Factory.Dealers.Dealer Dealer #2 ordered new Car (ID = 109) [Accessory ID = 32, Body ID = 108, Engine ID = 107]
2024-06-14 09:10:07,528 INFO Model.Factory.Suppliers.AccessoriesSupplier Produced new accessory. ID = 110
2024-06-14 09:10:07,528 INFO Model.Factory.Workers.Order Accessory received from Accessory Storage. ID = 50
2024-06-14 09:10:07,528 INFO Model.Factory.Storages.AccessoryStorage New Accessory put into Accessory Storage. ID = 102
2024-06-14 09:10:08,013 INFO Model.Factory.Suppliers.EnginesSupplier Produced new engine. ID = 111
2024-06-14 09:10:08,013 INFO Model.Factory.Storages.EngineStorage New Engine put into Engine Storage. ID = 111
2024-06-14 09:10:08,028 INFO Model.Factory.Suppliers.BodiesSupplier Produced new car body. ID = 112
2024-06-14 09:10:08,028 INFO Model.Factory.Storages.BodyStorage New Car Body put into Body Storage. ID = 112
2024-06-14 09:10:08,028 INFO Model.Factory.Workers.Order Car Body received from Body Storage. ID = 112
2024-06-14 09:10:08,029 INFO Model.Factory.Workers.Order Engine received from Engine Storage. ID = 111
2024-06-14 09:10:08,029 INFO Model.Factory.Storages.CarStorage New Car put into Car Storage. ID = 113
2024-06-14 09:10:08,029 INFO Model.Factory.Dealers.Dealer Dealer #1 ordered new Car (ID = 113) [Accessory ID = 33, Body ID = 112, Engine ID = 111]
2024-06-14 09:10:08,541 INFO Model.Factory.Suppliers.AccessoriesSupplier Produced new accessory. ID = 114
2024-06-14 09:10:08,541 INFO Model.Factory.Workers.Order Accessory received from Accessory Storage. ID = 48
2024-06-14 09:10:08,541 INFO Model.Factory.Storages.AccessoryStorage New Accessory put into Accessory Storage. ID = 90
2024-06-14 09:10:09,026 INFO Model.Factory.Suppliers.EnginesSupplier Produced new engine. ID = 115
2024-06-14 09:10:09,026 INFO Model.Factory.Storages.EngineStorage New Engine put into Engine Storage. ID = 115
2024-06-14 09:10:09,041 INFO Model.Factory.Suppliers.BodiesSupplier Produced new car body. ID = 116
2024-06-14 09:10:09,041 INFO Model.Factory.Storages.BodyStorage New Car Body put into Body Storage. ID = 116
2024-06-14 09:10:09,042 INFO Model.Factory.Workers.Order Car Body received from Body Storage. ID = 116
2024-06-14 09:10:09,042 INFO Model.Factory.Workers.Order Engine received from Engine Storage. ID = 115
2024-06-14 09:10:09,042 INFO Model.Factory.Storages.CarStorage New Car put into Car Storage. ID = 117
2024-06-14 09:10:09,042 INFO Model.Factory.Dealers.Dealer Dealer #4 ordered new Car (ID = 117) [Accessory ID = 37, Body ID = 116, Engine ID = 115]
2024-06-14 09:10:09,540 INFO Model.Factory.Workers.Order Accessory received from Accessory Storage. ID = 47
2024-06-14 09:10:09,540 INFO Model.Factory.Storages.AccessoryStorage New Accessory put into Accessory Storage. ID = 94
2024-06-14 09:10:09,555 INFO Model.Factory.Suppliers.AccessoriesSupplier Produced new accessory. ID = 118
2024-06-14 09:10:10,040 INFO Model.Factory.Suppliers.EnginesSupplier Produced new engine. ID = 119
2024-06-14 09:10:10,040 INFO Model.Factory.Storages.EngineStorage New Engine put into Engine Storage. ID = 119
2024-06-14 09:10:10,055 INFO Model.Factory.Suppliers.BodiesSupplier Produced new car body. ID = 120
2024-06-14 09:10:10,055 INFO Model.Factory.Storages.BodyStorage New Car Body put into Body Storage. ID = 120
2024-06-14 09:10:10,055 INFO Model.Factory.Workers.Order Car Body received from Body Storage. ID = 120
2024-06-14 09:10:10,055 INFO Model.Factory.Workers.Order Engine received from Engine Storage. ID = 119
2024-06-14 09:10:10,056 INFO Model.Factory.Storages.CarStorage New Car put into Car Storage. ID = 121
2024-06-14 09:10:10,056 INFO Model.Factory.Dealers.Dealer Dealer #3 ordered new Car (ID = 121) [Accessory ID = 38, Body ID = 120, Engine ID = 119]
2024-06-14 09:10:10,551 INFO Model.Factory.Suppliers.AccessoriesSupplier Produced new accessory. ID = 122
2024-06-14 09:10:10,551 INFO Model.Factory.Workers.Order Accessory received from Accessory Storage. ID = 53
2024-06-14 09:10:10,551 INFO Model.Factory.Storages.AccessoryStorage New Accessory put into Accessory Storage. ID = 106
2024-06-14 09:10:11,050 INFO Model.Factory.Suppliers.EnginesSupplier Produced new engine. ID = 123
2024-06-14 09:10:11,050 INFO Model.Factory.Storages.EngineStorage New Engine put into Engine Storage. ID = 123
2024-06-14 09:10:11,065 INFO Model.Factory.Suppliers.BodiesSupplier Produced new car body. ID = 124
2024-06-14 09:10:11,065 INFO Model.Factory.Storages.BodyStorage New Car Body put into Body Storage. ID = 124
2024-06-14 09:10:11,065 INFO Model.Factory.Workers.Order Car Body received from Body Storage. ID = 124
2024-06-14 09:10:11,065 INFO Model.Factory.Workers.Order Engine received from Engine Storage. ID = 123
2024-06-14 09:10:11,065 INFO Model.Factory.Storages.CarStorage New Car put into Car Storage. ID = 125
2024-06-14 09:10:11,065 INFO Model.Factory.Dealers.Dealer Dealer #5 ordered new Car (ID = 125) [Accessory ID = 39, Body ID = 124, Engine ID = 123]
2024-06-14 09:10:11,565 INFO Model.Factory.Suppliers.AccessoriesSupplier Produced new accessory. ID = 126
2024-06-14 09:10:11,565 INFO Model.Factory.Storages.AccessoryStorage New Accessory put into Accessory Storage. ID = 110
2024-06-14 09:10:11,565 INFO Model.Factory.Workers.Order Accessory received from Accessory Storage. ID = 54
2024-06-14 09:10:12,062 INFO Model.Factory.Suppliers.EnginesSupplier Produced new engine. ID = 127
2024-06-14 09:10:12,062 INFO Model.Factory.Storages.EngineStorage New Engine put into Engine Storage. ID = 127
2024-06-14 09:10:12,077 INFO Model.Factory.Suppliers.BodiesSupplier Produced new car body. ID = 128
2024-06-14 09:10:12,077 INFO Model.Factory.Storages.BodyStorage New Car Body put into Body Storage. ID = 128
2024-06-14 09:10:12,077 INFO Model.Factory.Workers.Order Car Body received from Body Storage. ID = 128
2024-06-14 09:10:12,077 INFO Model.Factory.Workers.Order Engine received from Engine Storage. ID = 127
2024-06-14 09:10:12,077 INFO Model.Factory.Storages.CarStorage New Car put into Car Storage. ID = 129
2024-06-14 09:10:12,078 INFO Model.Factory.Dealers.Dealer Dealer #2 ordered new Car (ID = 129) [Accessory ID = 40, Body ID = 128, Engine ID = 127]
2024-06-14 09:10:12,576 INFO Model.Factory.Suppliers.AccessoriesSupplier Produced new accessory. ID = 130
2024-06-14 09:10:12,576 INFO Model.Factory.Workers.Order Accessory received from Accessory Storage. ID = 55
2024-06-14 09:10:12,576 INFO Model.Factory.Storages.AccessoryStorage New Accessory put into Accessory Storage. ID = 114
2024-06-14 09:10:13,075 INFO Model.Factory.Suppliers.EnginesSupplier Produced new engine. ID = 131
2024-06-14 09:10:13,075 INFO Model.Factory.Storages.EngineStorage New Engine put into Engine Storage. ID = 131
2024-06-14 09:10:13,090 INFO Model.Factory.Suppliers.BodiesSupplier Produced new car body. ID = 132
2024-06-14 09:10:13,090 INFO Model.Factory.Storages.BodyStorage New Car Body put into Body Storage. ID = 132
2024-06-14 09:10:13,090 INFO Model.Factory.Workers.Order Car Body received from Body Storage. ID = 132
2024-06-14 09:10:13,090 INFO Model.Factory.Workers.Order Engine received from Engine Storage. ID = 131
2024-06-14 09:10:13,090 INFO Model.Factory.Storages.CarStorage New Car put into Car Storage. ID = 133
2024-06-14 09:10:13,090 INFO Model.Factory.Dealers.Dealer Dealer #1 ordered new Car (ID = 133) [Accessory ID = 42, Body ID = 132, Engine ID = 131]
2024-06-14 09:10:13,588 INFO Model.Factory.Suppliers.AccessoriesSupplier Produced new accessory. ID = 134
2024-06-14 09:10:13,588 INFO Model.Factory.Storages.AccessoryStorage New Accessory put into Accessory Storage. ID = 118
2024-06-14 09:10:13,588 INFO Model.Factory.Workers.Order Accessory received from Accessory Storage. ID = 57
2024-06-14 09:10:14,089 INFO Model.Factory.Suppliers.EnginesSupplier Produced new engine. ID = 135
2024-06-14 09:10:14,089 INFO Model.Factory.Storages.EngineStorage New Engine put into Engine Storage. ID = 135
2024-06-14 09:10:14,104 INFO Model.Factory.Suppliers.BodiesSupplier Produced new car body. ID = 136
2024-06-14 09:10:14,104 INFO Model.Factory.Storages.BodyStorage New Car Body put into Body Storage. ID = 136
2024-06-14 09:10:14,104 INFO Model.Factory.Workers.Order Car Body received from Body Storage. ID = 136
2024-06-14 09:10:14,104 INFO Model.Factory.Workers.Order Engine received from Engine Storage. ID = 135
2024-06-14 09:10:14,104 INFO Model.Factory.Storages.CarStorage New Car put into Car Storage. ID = 137
2024-06-14 09:10:14,104 INFO Model.Factory.Dealers.Dealer Dealer #4 ordered new Car (ID = 137) [Accessory ID = 45, Body ID = 136, Engine ID = 135]
2024-06-14 09:10:14,602 INFO Model.Factory.Suppliers.AccessoriesSupplier Produced new accessory. ID = 138
2024-06-14 09:10:14,602 INFO Model.Factory.Workers.Order Accessory received from Accessory Storage. ID = 58
2024-06-14 09:10:14,602 INFO Model.Factory.Storages.AccessoryStorage New Accessory put into Accessory Storage. ID = 122
2024-06-14 09:10:15,098 INFO Model.Factory.Suppliers.EnginesSupplier Produced new engine. ID = 139
2024-06-14 09:10:15,098 INFO Model.Factory.Storages.EngineStorage New Engine put into Engine Storage. ID = 139
2024-06-14 09:10:15,113 INFO Model.Factory.Suppliers.BodiesSupplier Produced new car body. ID = 140
2024-06-14 09:10:15,113 INFO Model.Factory.Storages.BodyStorage New Car Body put into Body Storage. ID = 140
2024-06-14 09:10:15,113 INFO Model.Factory.Workers.Order Car Body received from Body Storage. ID = 140
2024-06-14 09:10:15,113 INFO Model.Factory.Workers.Order Engine received from Engine Storage. ID = 139
2024-06-14 09:10:15,113 INFO Model.Factory.Storages.CarStorage New Car put into Car Storage. ID = 141
2024-06-14 09:10:15,113 INFO Model.Factory.Dealers.Dealer Dealer #3 ordered new Car (ID = 141) [Accessory ID = 46, Body ID = 140, Engine ID = 139]
2024-06-14 09:10:15,612 INFO Model.Factory.Suppliers.AccessoriesSupplier Produced new accessory. ID = 142
2024-06-14 09:10:15,612 INFO Model.Factory.Storages.AccessoryStorage New Accessory put into Accessory Storage. ID = 126
2024-06-14 09:10:15,612 INFO Model.Factory.Workers.Order Accessory received from Accessory Storage. ID = 61
2024-06-14 09:10:16,098 INFO Model.Factory.Suppliers.EnginesSupplier Produced new engine. ID = 143
2024-06-14 09:10:16,098 INFO Model.Factory.Storages.EngineStorage New Engine put into Engine Storage. ID = 143
2024-06-14 09:10:16,114 INFO Model.Factory.Suppliers.BodiesSupplier Produced new car body. ID = 144
2024-06-14 09:10:16,114 INFO Model.Factory.Storages.BodyStorage New Car Body put into Body Storage. ID = 144
2024-06-14 09:10:16,114 INFO Model.Factory.Workers.Order Car Body received from Body Storage. ID = 144
2024-06-14 09:10:16,114 INFO Model.Factory.Workers.Order Engine received from Engine Storage. ID = 143
2024-06-14 09:10:16,114 INFO Model.Factory.Storages.CarStorage New Car put into Car Storage. ID = 145
2024-06-14 09:10:16,114 INFO Model.Factory.Dealers.Dealer Dealer #1 ordered new Car (ID = 145) [Accessory ID = 50, Body ID = 144, Engine ID = 143]
2024-06-14 09:10:16,616 INFO Model.Factory.Suppliers.AccessoriesSupplier Produced new accessory. ID = 146
2024-06-14 09:10:16,616 INFO Model.Factory.Workers.Order Accessory received from Accessory Storage. ID = 63
2024-06-14 09:10:16,616 INFO Model.Factory.Storages.AccessoryStorage New Accessory put into Accessory Storage. ID = 130
2024-06-14 09:10:17,104 INFO Model.Factory.Suppliers.EnginesSupplier Produced new engine. ID = 147
2024-06-14 09:10:17,104 INFO Model.Factory.Storages.EngineStorage New Engine put into Engine Storage. ID = 147
2024-06-14 09:10:17,119 INFO Model.Factory.Suppliers.BodiesSupplier Produced new car body. ID = 148
2024-06-14 09:10:17,119 INFO Model.Factory.Storages.BodyStorage New Car Body put into Body Storage. ID = 148
2024-06-14 09:10:17,119 INFO Model.Factory.Workers.Order Car Body received from Body Storage. ID = 148
2024-06-14 09:10:17,120 INFO Model.Factory.Workers.Order Engine received from Engine Storage. ID = 147
2024-06-14 09:10:17,120 INFO Model.Factory.Storages.CarStorage New Car put into Car Storage. ID = 149
2024-06-14 09:10:17,120 INFO Model.Factory.Dealers.Dealer Dealer #2 ordered new Car (ID = 149) [Accessory ID = 48, Body ID = 148, Engine ID = 147]
2024-06-14 09:10:17,620 INFO Model.Factory.Workers.Order Accessory received from Accessory Storage. ID = 64
2024-06-14 09:10:17,620 INFO Model.Factory.Suppliers.AccessoriesSupplier Produced new accessory. ID = 150
2024-06-14 09:10:17,620 INFO Model.Factory.Storages.AccessoryStorage New Accessory put into Accessory Storage. ID = 134
2024-06-14 09:10:18,107 INFO Model.Factory.Suppliers.EnginesSupplier Produced new engine. ID = 151
2024-06-14 09:10:18,107 INFO Model.Factory.Storages.EngineStorage New Engine put into Engine Storage. ID = 151
2024-06-14 09:10:18,120 INFO Model.Factory.Suppliers.BodiesSupplier Produced new car body. ID = 152
2024-06-14 09:10:18,120 INFO Model.Factory.Storages.BodyStorage New Car Body put into Body Storage. ID = 152
2024-06-14 09:10:18,120 INFO Model.Factory.Workers.Order Car Body received from Body Storage. ID = 152
2024-06-14 09:10:18,120 INFO Model.Factory.Workers.Order Engine received from Engine Storage. ID = 151
2024-06-14 09:10:18,120 INFO Model.Factory.Storages.CarStorage New Car put into Car Storage. ID = 153
2024-06-14 09:10:18,120 INFO Model.Factory.Dealers.Dealer Dealer #3 ordered new Car (ID = 153) [Accessory ID = 47, Body ID = 152, Engine ID = 151]
2024-06-14 09:10:18,621 INFO Model.Factory.Suppliers.AccessoriesSupplier Produced new accessory. ID = 154
2024-06-14 09:10:18,636 INFO Model.Factory.Storages.AccessoryStorage New Accessory put into Accessory Storage. ID = 138
2024-06-14 09:10:18,636 INFO Model.Factory.Workers.Order Accessory received from Accessory Storage. ID = 67
2024-06-14 09:10:19,120 INFO Model.Factory.Suppliers.EnginesSupplier Produced new engine. ID = 155
2024-06-14 09:10:19,120 INFO Model.Factory.Storages.EngineStorage New Engine put into Engine Storage. ID = 155
2024-06-14 09:10:19,135 INFO Model.Factory.Suppliers.BodiesSupplier Produced new car body. ID = 156
2024-06-14 09:10:19,135 INFO Model.Factory.Storages.BodyStorage New Car Body put into Body Storage. ID = 156
2024-06-14 09:10:19,135 INFO Model.Factory.Workers.Order Car Body received from Body Storage. ID = 156
2024-06-14 09:10:19,135 INFO Model.Factory.Workers.Order Engine received from Engine Storage. ID = 155
2024-06-14 09:10:19,136 INFO Model.Factory.Storages.CarStorage New Car put into Car Storage. ID = 157
2024-06-14 09:10:19,136 INFO Model.Factory.Dealers.Dealer Dealer #4 ordered new Car (ID = 157) [Accessory ID = 53, Body ID = 156, Engine ID = 155]
2024-06-14 09:10:19,632 INFO Model.Factory.Workers.Order Accessory received from Accessory Storage. ID = 66
2024-06-14 09:10:19,632 INFO Model.Factory.Storages.AccessoryStorage New Accessory put into Accessory Storage. ID = 142
2024-06-14 09:10:19,648 INFO Model.Factory.Suppliers.AccessoriesSupplier Produced new accessory. ID = 158
